<?xml version="1.0" encoding="UTF-8"?>
<testsuite name="io.dimitris.gemo.tests.MenuScreenTests" tests="1" skipped="0" failures="0" errors="0" timestamp="2024-04-29T11:43:15" hostname="LAPTOP-3H729ETC" time="1.665">
  <properties/>
  <testcase name="testStartButtonTask" classname="io.dimitris.gemo.tests.MenuScreenTests" time="1.665"/>
  <system-out><![CDATA[]]></system-out>
  <system-err><![CDATA[]]></system-err>
</testsuite>
