<?xml version="1.0" encoding="UTF-8"?>
<testsuite name="io.dimitris.gemo.tests.MenuScreenTests" tests="6" skipped="0" failures="0" errors="0" timestamp="2024-04-30T13:41:10" hostname="nas-10-240-128-226.york.ac.uk" time="0.522">
  <properties/>
  <testcase name="testCreditsButtonTask" classname="io.dimitris.gemo.tests.MenuScreenTests" time="0.002"/>
  <testcase name="testLeaderboardButtonTask" classname="io.dimitris.gemo.tests.MenuScreenTests" time="0.001"/>
  <testcase name="testSettingsButtonTask" classname="io.dimitris.gemo.tests.MenuScreenTests" time="0.006"/>
  <testcase name="testButton1Task" classname="io.dimitris.gemo.tests.MenuScreenTests" time="0.089"/>
  <testcase name="testButton2Task" classname="io.dimitris.gemo.tests.MenuScreenTests" time="0.004"/>
  <testcase name="testStartButtonTask" classname="io.dimitris.gemo.tests.MenuScreenTests" time="0.349"/>
  <system-out><![CDATA[]]></system-out>
  <system-err><![CDATA[]]></system-err>
</testsuite>
