<?xml version="1.0" encoding="UTF-8"?>
<testsuite name="io.dimitris.gemo.tests.SaveScreenTests" tests="4" skipped="0" failures="0" errors="0" timestamp="2024-04-29T00:22:22" hostname="LAPTOP-3H729ETC" time="1.894">
  <properties/>
  <testcase name="testExitButtonPress" classname="io.dimitris.gemo.tests.SaveScreenTests" time="0.597"/>
  <testcase name="testSaveButtonPress" classname="io.dimitris.gemo.tests.SaveScreenTests" time="1.212"/>
  <testcase name="testSaveScore" classname="io.dimitris.gemo.tests.SaveScreenTests" time="0.02"/>
  <testcase name="testLeaderboardCsvExists" classname="io.dimitris.gemo.tests.SaveScreenTests" time="0.009"/>
  <system-out><![CDATA[]]></system-out>
  <system-err><![CDATA[WARNING: A Java agent has been loaded dynamically (C:\Users\georg\.gradle\caches\modules-2\files-2.1\net.bytebuddy\byte-buddy-agent\1.14.12\be4984cb6fd1ef1d11f218a648889dfda44b8a15\byte-buddy-agent-1.14.12.jar)
WARNING: If a serviceability tool is in use, please run with -XX:+EnableDynamicAgentLoading to hide this warning
WARNING: If a serviceability tool is not in use, please run with -Djdk.instrument.traceUsage for more information
WARNING: Dynamic loading of agents will be disallowed by default in a future release
]]></system-err>
</testsuite>
