<?xml version="1.0" encoding="UTF-8"?>
<testsuite name="io.dimitris.gemo.tests.PlayerTests" tests="12" skipped="0" failures="0" errors="0" timestamp="2024-04-29T11:43:17" hostname="LAPTOP-3H729ETC" time="0.341">
  <properties/>
  <testcase name="testCollisionCheck" classname="io.dimitris.gemo.tests.PlayerTests" time="0.127"/>
  <testcase name="testSetX" classname="io.dimitris.gemo.tests.PlayerTests" time="0.007"/>
  <testcase name="testSetY" classname="io.dimitris.gemo.tests.PlayerTests" time="0.007"/>
  <testcase name="testNearObject" classname="io.dimitris.gemo.tests.PlayerTests" time="0.006"/>
  <testcase name="testMovePlayerWithinBounds" classname="io.dimitris.gemo.tests.PlayerTests" time="0.005"/>
  <testcase name="testPlayerMovement" classname="io.dimitris.gemo.tests.PlayerTests" time="0.009"/>
  <testcase name="testFindClosestInteractableObject" classname="io.dimitris.gemo.tests.PlayerTests" time="0.006"/>
  <testcase name="testGetClosestObject" classname="io.dimitris.gemo.tests.PlayerTests" time="0.012"/>
  <testcase name="testIsMoving" classname="io.dimitris.gemo.tests.PlayerTests" time="0.005"/>
  <testcase name="getPosAsVec3" classname="io.dimitris.gemo.tests.PlayerTests" time="0.023"/>
  <testcase name="testSetMoving" classname="io.dimitris.gemo.tests.PlayerTests" time="0.006"/>
  <testcase name="testPlayerAssetsExists" classname="io.dimitris.gemo.tests.PlayerTests" time="0.002"/>
  <system-out><![CDATA[]]></system-out>
  <system-err><![CDATA[]]></system-err>
</testsuite>
