<?xml version="1.0" encoding="UTF-8"?>
<testsuite name="io.dimitris.gemo.tests.SoundManagerTests" tests="6" skipped="0" failures="0" errors="0" timestamp="2024-04-29T11:43:17" hostname="LAPTOP-3H729ETC" time="0.243">
  <properties/>
  <testcase name="testMusicAssetsExists" classname="io.dimitris.gemo.tests.SoundManagerTests" time="0.001"/>
  <testcase name="testProcessTimers" classname="io.dimitris.gemo.tests.SoundManagerTests" time="0.004"/>
  <testcase name="testSoundEffectsExist" classname="io.dimitris.gemo.tests.SoundManagerTests" time="0.001"/>
  <testcase name="testPlayFootstep" classname="io.dimitris.gemo.tests.SoundManagerTests" time="0.081"/>
  <testcase name="testSetSFXVolume" classname="io.dimitris.gemo.tests.SoundManagerTests" time="0.002"/>
  <testcase name="testSetMusicVolume" classname="io.dimitris.gemo.tests.SoundManagerTests" time="0.077"/>
  <system-out><![CDATA[]]></system-out>
  <system-err><![CDATA[]]></system-err>
</testsuite>
