<?xml version="1.0" encoding="UTF-8"?>
<testsuite name="io.dimitris.gemo.tests.SaveScreenTests" tests="4" skipped="0" failures="0" errors="0" timestamp="2024-04-29T11:43:17" hostname="LAPTOP-3H729ETC" time="0.245">
  <properties/>
  <testcase name="testExitButtonPress" classname="io.dimitris.gemo.tests.SaveScreenTests" time="0.019"/>
  <testcase name="testSaveButtonPress" classname="io.dimitris.gemo.tests.SaveScreenTests" time="0.161"/>
  <testcase name="testSaveScore" classname="io.dimitris.gemo.tests.SaveScreenTests" time="0.024"/>
  <testcase name="testLeaderboardCsvExists" classname="io.dimitris.gemo.tests.SaveScreenTests" time="0.004"/>
  <system-out><![CDATA[]]></system-out>
  <system-err><![CDATA[]]></system-err>
</testsuite>
