<?xml version="1.0" encoding="UTF-8"?>
<testsuite name="io.dimitris.gemo.tests.CreditScreenTests" tests="1" skipped="0" failures="0" errors="0" timestamp="2024-04-30T14:19:44" hostname="nas-10-240-128-226.york.ac.uk" time="0.157">
  <properties/>
  <testcase name="testCreditScreenExit" classname="io.dimitris.gemo.tests.CreditScreenTests" time="0.157"/>
  <system-out><![CDATA[]]></system-out>
  <system-err><![CDATA[]]></system-err>
</testsuite>
