<?xml version="1.0" encoding="UTF-8"?>
<testsuite name="io.dimitris.gemo.tests.DialogueBoxTests" tests="7" skipped="0" failures="0" errors="0" timestamp="2024-05-04T15:38:18" hostname="LAPTOP-3H729ETC" time="0.291">
  <properties/>
  <testcase name="testHide" classname="io.dimitris.gemo.tests.DialogueBoxTests" time="0.187"/>
  <testcase name="testAdvanceText" classname="io.dimitris.gemo.tests.DialogueBoxTests" time="0.002"/>
  <testcase name="testScrollText" classname="io.dimitris.gemo.tests.DialogueBoxTests" time="0.003"/>
  <testcase name="testSetChoice" classname="io.dimitris.gemo.tests.DialogueBoxTests" time="0.003"/>
  <testcase name="testSetText" classname="io.dimitris.gemo.tests.DialogueBoxTests" time="0.001"/>
  <testcase name="testSetPos" classname="io.dimitris.gemo.tests.DialogueBoxTests" time="0.001"/>
  <testcase name="testSetTexta" classname="io.dimitris.gemo.tests.DialogueBoxTests" time="0.0"/>
  <system-out><![CDATA[]]></system-out>
  <system-err><![CDATA[WARNING: A Java agent has been loaded dynamically (C:\Users\georg\.gradle\caches\modules-2\files-2.1\net.bytebuddy\byte-buddy-agent\1.14.12\be4984cb6fd1ef1d11f218a648889dfda44b8a15\byte-buddy-agent-1.14.12.jar)
WARNING: If a serviceability tool is in use, please run with -XX:+EnableDynamicAgentLoading to hide this warning
WARNING: If a serviceability tool is not in use, please run with -Djdk.instrument.traceUsage for more information
WARNING: Dynamic loading of agents will be disallowed by default in a future release
]]></system-err>
</testsuite>
