<?xml version="1.0" encoding="UTF-8"?>
<testsuite name="io.dimitris.gemo.tests.DialogueBoxTests" tests="7" skipped="0" failures="7" errors="0" timestamp="2024-05-04T13:54:33" hostname="LAPTOP-3JGMF3J6" time="1.595">
  <properties/>
  <testcase name="testHide" classname="io.dimitris.gemo.tests.DialogueBoxTests" time="0.942">
    <failure message="com.badlogic.gdx.utils.GdxRuntimeException: No com.badlogic.gdx.scenes.scene2d.ui.Window$WindowStyle registered with name: default" type="com.badlogic.gdx.utils.GdxRuntimeException">com.badlogic.gdx.utils.GdxRuntimeException: No com.badlogic.gdx.scenes.scene2d.ui.Window$WindowStyle registered with name: default
	at app//com.badlogic.gdx.scenes.scene2d.ui.Skin.get(Skin.java:162)
	at app//com.badlogic.gdx.scenes.scene2d.ui.Skin.get(Skin.java:147)
	at app//com.badlogic.gdx.scenes.scene2d.ui.Window.&lt;init&gt;(Window.java:57)
	at app//com.skloch.game.DialogueBox.&lt;init&gt;(DialogueBox.java:37)
	at app//io.dimitris.gemo.tests.DialogueBoxTests.setUp(DialogueBoxTests.java:29)
	at java.base@17.0.6/jdk.internal.reflect.NativeMethodAccessorImpl.invoke0(Native Method)
	at java.base@17.0.6/jdk.internal.reflect.NativeMethodAccessorImpl.invoke(NativeMethodAccessorImpl.java:77)
	at java.base@17.0.6/jdk.internal.reflect.DelegatingMethodAccessorImpl.invoke(DelegatingMethodAccessorImpl.java:43)
	at java.base@17.0.6/java.lang.reflect.Method.invoke(Method.java:568)
	at app//org.junit.runners.model.FrameworkMethod$1.runReflectiveCall(FrameworkMethod.java:59)
	at app//org.junit.internal.runners.model.ReflectiveCallable.run(ReflectiveCallable.java:12)
	at app//org.junit.runners.model.FrameworkMethod.invokeExplosively(FrameworkMethod.java:56)
	at app//org.junit.internal.runners.statements.RunBefores.invokeMethod(RunBefores.java:33)
	at app//org.junit.internal.runners.statements.RunBefores.evaluate(RunBefores.java:24)
	at app//org.junit.runners.ParentRunner$3.evaluate(ParentRunner.java:306)
	at app//org.junit.runners.BlockJUnit4ClassRunner$1.evaluate(BlockJUnit4ClassRunner.java:100)
	at app//org.junit.runners.ParentRunner.runLeaf(ParentRunner.java:366)
	at app//org.junit.runners.BlockJUnit4ClassRunner.runChild(BlockJUnit4ClassRunner.java:103)
	at app//io.dimitris.gemo.tests.GdxTestRunner.render(GdxTestRunner.java:59)
	at app//com.badlogic.gdx.backends.headless.HeadlessApplication.mainLoop(HeadlessApplication.java:128)
	at app//com.badlogic.gdx.backends.headless.HeadlessApplication$1.run(HeadlessApplication.java:93)
</failure>
  </testcase>
  <testcase name="testAdvanceText" classname="io.dimitris.gemo.tests.DialogueBoxTests" time="0.029">
    <failure message="com.badlogic.gdx.utils.GdxRuntimeException: No com.badlogic.gdx.scenes.scene2d.ui.Window$WindowStyle registered with name: default" type="com.badlogic.gdx.utils.GdxRuntimeException">com.badlogic.gdx.utils.GdxRuntimeException: No com.badlogic.gdx.scenes.scene2d.ui.Window$WindowStyle registered with name: default
	at app//com.badlogic.gdx.scenes.scene2d.ui.Skin.get(Skin.java:162)
	at app//com.badlogic.gdx.scenes.scene2d.ui.Skin.get(Skin.java:147)
	at app//com.badlogic.gdx.scenes.scene2d.ui.Window.&lt;init&gt;(Window.java:57)
	at app//com.skloch.game.DialogueBox.&lt;init&gt;(DialogueBox.java:37)
	at app//io.dimitris.gemo.tests.DialogueBoxTests.setUp(DialogueBoxTests.java:29)
	at java.base@17.0.6/jdk.internal.reflect.NativeMethodAccessorImpl.invoke0(Native Method)
	at java.base@17.0.6/jdk.internal.reflect.NativeMethodAccessorImpl.invoke(NativeMethodAccessorImpl.java:77)
	at java.base@17.0.6/jdk.internal.reflect.DelegatingMethodAccessorImpl.invoke(DelegatingMethodAccessorImpl.java:43)
	at java.base@17.0.6/java.lang.reflect.Method.invoke(Method.java:568)
	at app//org.junit.runners.model.FrameworkMethod$1.runReflectiveCall(FrameworkMethod.java:59)
	at app//org.junit.internal.runners.model.ReflectiveCallable.run(ReflectiveCallable.java:12)
	at app//org.junit.runners.model.FrameworkMethod.invokeExplosively(FrameworkMethod.java:56)
	at app//org.junit.internal.runners.statements.RunBefores.invokeMethod(RunBefores.java:33)
	at app//org.junit.internal.runners.statements.RunBefores.evaluate(RunBefores.java:24)
	at app//org.junit.runners.ParentRunner$3.evaluate(ParentRunner.java:306)
	at app//org.junit.runners.BlockJUnit4ClassRunner$1.evaluate(BlockJUnit4ClassRunner.java:100)
	at app//org.junit.runners.ParentRunner.runLeaf(ParentRunner.java:366)
	at app//org.junit.runners.BlockJUnit4ClassRunner.runChild(BlockJUnit4ClassRunner.java:103)
	at app//io.dimitris.gemo.tests.GdxTestRunner.render(GdxTestRunner.java:59)
	at app//com.badlogic.gdx.backends.headless.HeadlessApplication.mainLoop(HeadlessApplication.java:128)
	at app//com.badlogic.gdx.backends.headless.HeadlessApplication$1.run(HeadlessApplication.java:93)
</failure>
  </testcase>
  <testcase name="testScrollText" classname="io.dimitris.gemo.tests.DialogueBoxTests" time="0.016">
    <failure message="com.badlogic.gdx.utils.GdxRuntimeException: No com.badlogic.gdx.scenes.scene2d.ui.Window$WindowStyle registered with name: default" type="com.badlogic.gdx.utils.GdxRuntimeException">com.badlogic.gdx.utils.GdxRuntimeException: No com.badlogic.gdx.scenes.scene2d.ui.Window$WindowStyle registered with name: default
	at app//com.badlogic.gdx.scenes.scene2d.ui.Skin.get(Skin.java:162)
	at app//com.badlogic.gdx.scenes.scene2d.ui.Skin.get(Skin.java:147)
	at app//com.badlogic.gdx.scenes.scene2d.ui.Window.&lt;init&gt;(Window.java:57)
	at app//com.skloch.game.DialogueBox.&lt;init&gt;(DialogueBox.java:37)
	at app//io.dimitris.gemo.tests.DialogueBoxTests.setUp(DialogueBoxTests.java:29)
	at java.base@17.0.6/jdk.internal.reflect.NativeMethodAccessorImpl.invoke0(Native Method)
	at java.base@17.0.6/jdk.internal.reflect.NativeMethodAccessorImpl.invoke(NativeMethodAccessorImpl.java:77)
	at java.base@17.0.6/jdk.internal.reflect.DelegatingMethodAccessorImpl.invoke(DelegatingMethodAccessorImpl.java:43)
	at java.base@17.0.6/java.lang.reflect.Method.invoke(Method.java:568)
	at app//org.junit.runners.model.FrameworkMethod$1.runReflectiveCall(FrameworkMethod.java:59)
	at app//org.junit.internal.runners.model.ReflectiveCallable.run(ReflectiveCallable.java:12)
	at app//org.junit.runners.model.FrameworkMethod.invokeExplosively(FrameworkMethod.java:56)
	at app//org.junit.internal.runners.statements.RunBefores.invokeMethod(RunBefores.java:33)
	at app//org.junit.internal.runners.statements.RunBefores.evaluate(RunBefores.java:24)
	at app//org.junit.runners.ParentRunner$3.evaluate(ParentRunner.java:306)
	at app//org.junit.runners.BlockJUnit4ClassRunner$1.evaluate(BlockJUnit4ClassRunner.java:100)
	at app//org.junit.runners.ParentRunner.runLeaf(ParentRunner.java:366)
	at app//org.junit.runners.BlockJUnit4ClassRunner.runChild(BlockJUnit4ClassRunner.java:103)
	at app//io.dimitris.gemo.tests.GdxTestRunner.render(GdxTestRunner.java:59)
	at app//com.badlogic.gdx.backends.headless.HeadlessApplication.mainLoop(HeadlessApplication.java:128)
	at app//com.badlogic.gdx.backends.headless.HeadlessApplication$1.run(HeadlessApplication.java:93)
</failure>
  </testcase>
  <testcase name="testSetChoice" classname="io.dimitris.gemo.tests.DialogueBoxTests" time="0.002">
    <failure message="com.badlogic.gdx.utils.GdxRuntimeException: No com.badlogic.gdx.scenes.scene2d.ui.Window$WindowStyle registered with name: default" type="com.badlogic.gdx.utils.GdxRuntimeException">com.badlogic.gdx.utils.GdxRuntimeException: No com.badlogic.gdx.scenes.scene2d.ui.Window$WindowStyle registered with name: default
	at app//com.badlogic.gdx.scenes.scene2d.ui.Skin.get(Skin.java:162)
	at app//com.badlogic.gdx.scenes.scene2d.ui.Skin.get(Skin.java:147)
	at app//com.badlogic.gdx.scenes.scene2d.ui.Window.&lt;init&gt;(Window.java:57)
	at app//com.skloch.game.DialogueBox.&lt;init&gt;(DialogueBox.java:37)
	at app//io.dimitris.gemo.tests.DialogueBoxTests.setUp(DialogueBoxTests.java:29)
	at java.base@17.0.6/jdk.internal.reflect.NativeMethodAccessorImpl.invoke0(Native Method)
	at java.base@17.0.6/jdk.internal.reflect.NativeMethodAccessorImpl.invoke(NativeMethodAccessorImpl.java:77)
	at java.base@17.0.6/jdk.internal.reflect.DelegatingMethodAccessorImpl.invoke(DelegatingMethodAccessorImpl.java:43)
	at java.base@17.0.6/java.lang.reflect.Method.invoke(Method.java:568)
	at app//org.junit.runners.model.FrameworkMethod$1.runReflectiveCall(FrameworkMethod.java:59)
	at app//org.junit.internal.runners.model.ReflectiveCallable.run(ReflectiveCallable.java:12)
	at app//org.junit.runners.model.FrameworkMethod.invokeExplosively(FrameworkMethod.java:56)
	at app//org.junit.internal.runners.statements.RunBefores.invokeMethod(RunBefores.java:33)
	at app//org.junit.internal.runners.statements.RunBefores.evaluate(RunBefores.java:24)
	at app//org.junit.runners.ParentRunner$3.evaluate(ParentRunner.java:306)
	at app//org.junit.runners.BlockJUnit4ClassRunner$1.evaluate(BlockJUnit4ClassRunner.java:100)
	at app//org.junit.runners.ParentRunner.runLeaf(ParentRunner.java:366)
	at app//org.junit.runners.BlockJUnit4ClassRunner.runChild(BlockJUnit4ClassRunner.java:103)
	at app//io.dimitris.gemo.tests.GdxTestRunner.render(GdxTestRunner.java:59)
	at app//com.badlogic.gdx.backends.headless.HeadlessApplication.mainLoop(HeadlessApplication.java:128)
	at app//com.badlogic.gdx.backends.headless.HeadlessApplication$1.run(HeadlessApplication.java:93)
</failure>
  </testcase>
  <testcase name="testSetText" classname="io.dimitris.gemo.tests.DialogueBoxTests" time="0.001">
    <failure message="com.badlogic.gdx.utils.GdxRuntimeException: No com.badlogic.gdx.scenes.scene2d.ui.Window$WindowStyle registered with name: default" type="com.badlogic.gdx.utils.GdxRuntimeException">com.badlogic.gdx.utils.GdxRuntimeException: No com.badlogic.gdx.scenes.scene2d.ui.Window$WindowStyle registered with name: default
	at app//com.badlogic.gdx.scenes.scene2d.ui.Skin.get(Skin.java:162)
	at app//com.badlogic.gdx.scenes.scene2d.ui.Skin.get(Skin.java:147)
	at app//com.badlogic.gdx.scenes.scene2d.ui.Window.&lt;init&gt;(Window.java:57)
	at app//com.skloch.game.DialogueBox.&lt;init&gt;(DialogueBox.java:37)
	at app//io.dimitris.gemo.tests.DialogueBoxTests.setUp(DialogueBoxTests.java:29)
	at java.base@17.0.6/jdk.internal.reflect.NativeMethodAccessorImpl.invoke0(Native Method)
	at java.base@17.0.6/jdk.internal.reflect.NativeMethodAccessorImpl.invoke(NativeMethodAccessorImpl.java:77)
	at java.base@17.0.6/jdk.internal.reflect.DelegatingMethodAccessorImpl.invoke(DelegatingMethodAccessorImpl.java:43)
	at java.base@17.0.6/java.lang.reflect.Method.invoke(Method.java:568)
	at app//org.junit.runners.model.FrameworkMethod$1.runReflectiveCall(FrameworkMethod.java:59)
	at app//org.junit.internal.runners.model.ReflectiveCallable.run(ReflectiveCallable.java:12)
	at app//org.junit.runners.model.FrameworkMethod.invokeExplosively(FrameworkMethod.java:56)
	at app//org.junit.internal.runners.statements.RunBefores.invokeMethod(RunBefores.java:33)
	at app//org.junit.internal.runners.statements.RunBefores.evaluate(RunBefores.java:24)
	at app//org.junit.runners.ParentRunner$3.evaluate(ParentRunner.java:306)
	at app//org.junit.runners.BlockJUnit4ClassRunner$1.evaluate(BlockJUnit4ClassRunner.java:100)
	at app//org.junit.runners.ParentRunner.runLeaf(ParentRunner.java:366)
	at app//org.junit.runners.BlockJUnit4ClassRunner.runChild(BlockJUnit4ClassRunner.java:103)
	at app//io.dimitris.gemo.tests.GdxTestRunner.render(GdxTestRunner.java:59)
	at app//com.badlogic.gdx.backends.headless.HeadlessApplication.mainLoop(HeadlessApplication.java:128)
	at app//com.badlogic.gdx.backends.headless.HeadlessApplication$1.run(HeadlessApplication.java:93)
</failure>
  </testcase>
  <testcase name="testSetPos" classname="io.dimitris.gemo.tests.DialogueBoxTests" time="0.001">
    <failure message="com.badlogic.gdx.utils.GdxRuntimeException: No com.badlogic.gdx.scenes.scene2d.ui.Window$WindowStyle registered with name: default" type="com.badlogic.gdx.utils.GdxRuntimeException">com.badlogic.gdx.utils.GdxRuntimeException: No com.badlogic.gdx.scenes.scene2d.ui.Window$WindowStyle registered with name: default
	at app//com.badlogic.gdx.scenes.scene2d.ui.Skin.get(Skin.java:162)
	at app//com.badlogic.gdx.scenes.scene2d.ui.Skin.get(Skin.java:147)
	at app//com.badlogic.gdx.scenes.scene2d.ui.Window.&lt;init&gt;(Window.java:57)
	at app//com.skloch.game.DialogueBox.&lt;init&gt;(DialogueBox.java:37)
	at app//io.dimitris.gemo.tests.DialogueBoxTests.setUp(DialogueBoxTests.java:29)
	at java.base@17.0.6/jdk.internal.reflect.NativeMethodAccessorImpl.invoke0(Native Method)
	at java.base@17.0.6/jdk.internal.reflect.NativeMethodAccessorImpl.invoke(NativeMethodAccessorImpl.java:77)
	at java.base@17.0.6/jdk.internal.reflect.DelegatingMethodAccessorImpl.invoke(DelegatingMethodAccessorImpl.java:43)
	at java.base@17.0.6/java.lang.reflect.Method.invoke(Method.java:568)
	at app//org.junit.runners.model.FrameworkMethod$1.runReflectiveCall(FrameworkMethod.java:59)
	at app//org.junit.internal.runners.model.ReflectiveCallable.run(ReflectiveCallable.java:12)
	at app//org.junit.runners.model.FrameworkMethod.invokeExplosively(FrameworkMethod.java:56)
	at app//org.junit.internal.runners.statements.RunBefores.invokeMethod(RunBefores.java:33)
	at app//org.junit.internal.runners.statements.RunBefores.evaluate(RunBefores.java:24)
	at app//org.junit.runners.ParentRunner$3.evaluate(ParentRunner.java:306)
	at app//org.junit.runners.BlockJUnit4ClassRunner$1.evaluate(BlockJUnit4ClassRunner.java:100)
	at app//org.junit.runners.ParentRunner.runLeaf(ParentRunner.java:366)
	at app//org.junit.runners.BlockJUnit4ClassRunner.runChild(BlockJUnit4ClassRunner.java:103)
	at app//io.dimitris.gemo.tests.GdxTestRunner.render(GdxTestRunner.java:59)
	at app//com.badlogic.gdx.backends.headless.HeadlessApplication.mainLoop(HeadlessApplication.java:128)
	at app//com.badlogic.gdx.backends.headless.HeadlessApplication$1.run(HeadlessApplication.java:93)
</failure>
  </testcase>
  <testcase name="testSetTexta" classname="io.dimitris.gemo.tests.DialogueBoxTests" time="0.001">
    <failure message="com.badlogic.gdx.utils.GdxRuntimeException: No com.badlogic.gdx.scenes.scene2d.ui.Window$WindowStyle registered with name: default" type="com.badlogic.gdx.utils.GdxRuntimeException">com.badlogic.gdx.utils.GdxRuntimeException: No com.badlogic.gdx.scenes.scene2d.ui.Window$WindowStyle registered with name: default
	at app//com.badlogic.gdx.scenes.scene2d.ui.Skin.get(Skin.java:162)
	at app//com.badlogic.gdx.scenes.scene2d.ui.Skin.get(Skin.java:147)
	at app//com.badlogic.gdx.scenes.scene2d.ui.Window.&lt;init&gt;(Window.java:57)
	at app//com.skloch.game.DialogueBox.&lt;init&gt;(DialogueBox.java:37)
	at app//io.dimitris.gemo.tests.DialogueBoxTests.setUp(DialogueBoxTests.java:29)
	at java.base@17.0.6/jdk.internal.reflect.NativeMethodAccessorImpl.invoke0(Native Method)
	at java.base@17.0.6/jdk.internal.reflect.NativeMethodAccessorImpl.invoke(NativeMethodAccessorImpl.java:77)
	at java.base@17.0.6/jdk.internal.reflect.DelegatingMethodAccessorImpl.invoke(DelegatingMethodAccessorImpl.java:43)
	at java.base@17.0.6/java.lang.reflect.Method.invoke(Method.java:568)
	at app//org.junit.runners.model.FrameworkMethod$1.runReflectiveCall(FrameworkMethod.java:59)
	at app//org.junit.internal.runners.model.ReflectiveCallable.run(ReflectiveCallable.java:12)
	at app//org.junit.runners.model.FrameworkMethod.invokeExplosively(FrameworkMethod.java:56)
	at app//org.junit.internal.runners.statements.RunBefores.invokeMethod(RunBefores.java:33)
	at app//org.junit.internal.runners.statements.RunBefores.evaluate(RunBefores.java:24)
	at app//org.junit.runners.ParentRunner$3.evaluate(ParentRunner.java:306)
	at app//org.junit.runners.BlockJUnit4ClassRunner$1.evaluate(BlockJUnit4ClassRunner.java:100)
	at app//org.junit.runners.ParentRunner.runLeaf(ParentRunner.java:366)
	at app//org.junit.runners.BlockJUnit4ClassRunner.runChild(BlockJUnit4ClassRunner.java:103)
	at app//io.dimitris.gemo.tests.GdxTestRunner.render(GdxTestRunner.java:59)
	at app//com.badlogic.gdx.backends.headless.HeadlessApplication.mainLoop(HeadlessApplication.java:128)
	at app//com.badlogic.gdx.backends.headless.HeadlessApplication$1.run(HeadlessApplication.java:93)
</failure>
  </testcase>
  <system-out><![CDATA[]]></system-out>
  <system-err><![CDATA[]]></system-err>
</testsuite>
