<?xml version="1.0" encoding="UTF-8"?>
<testsuite name="io.dimitris.gemo.tests.SaveScreenTests" tests="4" skipped="0" failures="0" errors="0" timestamp="2024-04-30T13:41:11" hostname="nas-10-240-128-226.york.ac.uk" time="0.109">
  <properties/>
  <testcase name="testExitButtonPress" classname="io.dimitris.gemo.tests.SaveScreenTests" time="0.004"/>
  <testcase name="testSaveButtonPress" classname="io.dimitris.gemo.tests.SaveScreenTests" time="0.054"/>
  <testcase name="testSaveScore" classname="io.dimitris.gemo.tests.SaveScreenTests" time="0.001"/>
  <testcase name="testLeaderboardCsvExists" classname="io.dimitris.gemo.tests.SaveScreenTests" time="0.001"/>
  <system-out><![CDATA[]]></system-out>
  <system-err><![CDATA[]]></system-err>
</testsuite>
